<?xml version="1.0" encoding="UTF-8"?>
<testng-results skipped="0" failed="0" ignored="0" total="1" passed="1">
  <reporter-output>
  </reporter-output>
  <suite name="Default suite" duration-ms="18063" started-at="2019-10-31T07:46:44Z" finished-at="2019-10-31T07:47:02Z">
    <groups>
    </groups>
    <test name="Default test" duration-ms="18063" started-at="2019-10-31T07:46:44Z" finished-at="2019-10-31T07:47:02Z">
      <class name="phpp.Validationlogin">
        <test-method status="PASS" signature="log()[pri:0, instance:phpp.Validationlogin@1dfe2924]" name="log" is-config="true" duration-ms="838" started-at="2019-10-31T07:46:44Z" finished-at="2019-10-31T07:46:44Z">
          <reporter-output>
          </reporter-output>
        </test-method> <!-- log -->
        <test-method status="PASS" signature="preconditn()[pri:0, instance:phpp.Validationlogin@1dfe2924]" name="preconditn" is-config="true" duration-ms="14611" started-at="2019-10-31T07:46:44Z" finished-at="2019-10-31T07:46:59Z">
          <reporter-output>
          </reporter-output>
        </test-method> <!-- preconditn -->
        <test-method status="PASS" signature="validatelogin()[pri:0, instance:phpp.Validationlogin@1dfe2924]" name="validatelogin" duration-ms="3406" started-at="2019-10-31T07:46:59Z" finished-at="2019-10-31T07:47:02Z">
          <reporter-output>
          </reporter-output>
        </test-method> <!-- validatelogin -->
      </class> <!-- phpp.Validationlogin -->
    </test> <!-- Default test -->
  </suite> <!-- Default suite -->
</testng-results>
