<?xml version="1.0" encoding="UTF-8"?>
<!-- Generated by org.testng.reporters.JUnitXMLReporter -->
<testsuite hostname="CBT-MH-000" ignored="3" name="Test" tests="4" failures="0" timestamp="31 Oct 2019 04:29:05 GMT" time="289.376" errors="0">
  <testcase name="validatesignup" time="71.326" classname="phpp.ValidateSignUpPage"/>
  <testcase name="validatelogin" time="13.962" classname="phpp.Validationlogin"/>
  <testcase name="validatemyprofile" time="12.904" classname="phpp.ValidationMyprofile"/>
  <testcase name="validatehotel" time="80.187" classname="phpp.ValidationHotel"/>
  <testcase name="@BeforeSuite log" time="0.0" classname="tra.Base">
    <ignored/>
  </testcase> <!-- @BeforeSuite log -->
  <testcase name="@BeforeSuite log" time="0.0" classname="tra.Base">
    <ignored/>
  </testcase> <!-- @BeforeSuite log -->
  <testcase name="@BeforeSuite log" time="0.0" classname="tra.Base">
    <ignored/>
  </testcase> <!-- @BeforeSuite log -->
</testsuite> <!-- Test -->
